<?xml version="1.0" encoding="UTF-8"?>
<!-- Generated by org.testng.reporters.JUnitReportReporter -->
<testsuite skipped="0" hostname="DESKTOP-7PEBP5S" name="com.test.TestCase05" tests="1" failures="0" timestamp="2023-03-29T15:37:48 IST" time="24.856" errors="0">
  <testcase name="verifyTestCase05" time="24.856" classname="com.test.TestCase05"/>
  <system-out/>
</testsuite> <!-- com.test.TestCase05 -->
