<?xml version="1.0" encoding="UTF-8"?>
<!-- Generated by org.testng.reporters.JUnitReportReporter -->
<testsuite skipped="0" hostname="DESKTOP-7PEBP5S" name="com.test.ForTestOnly" tests="1" failures="0" timestamp="2023-03-17T01:43:32 IST" time="10.780" errors="0">
  <testcase name="forTestOnly" time="10.780" classname="com.test.ForTestOnly"/>
  <system-out/>
</testsuite> <!-- com.test.ForTestOnly -->
