<?xml version="1.0" encoding="UTF-8"?>
<!-- Generated by org.testng.reporters.JUnitReportReporter -->
<testsuite skipped="0" hostname="DESKTOP-7PEBP5S" name="com.test.TestCaseID30001" tests="1" failures="0" timestamp="2023-11-26T19:17:42 IST" time="56.962" errors="0">
  <testcase name="scenarioOne" time="56.962" classname="com.test.TestCaseID30001"/>
  <system-out/>
</testsuite> <!-- com.test.TestCaseID30001 -->
