<?xml version="1.0" encoding="UTF-8"?>
<!-- Generated by org.testng.reporters.JUnitReportReporter -->
<testsuite skipped="0" hostname="DESKTOP-7PEBP5S" name="com.test.TestCase08" tests="1" failures="0" timestamp="2023-03-29T15:37:48 IST" time="20.409" errors="0">
  <testcase name="verifyTestCase08" time="20.409" classname="com.test.TestCase08"/>
  <system-out/>
</testsuite> <!-- com.test.TestCase08 -->
