<?xml version="1.0" encoding="UTF-8"?>
<!-- Generated by org.testng.reporters.JUnitReportReporter -->
<testsuite skipped="0" hostname="DESKTOP-7PEBP5S" name="com.test.TestCase01" tests="1" failures="0" timestamp="2023-11-26T15:32:32 IST" time="17.142" errors="0">
  <testcase name="verifyTestCase01" time="17.142" classname="com.test.TestCase01"/>
  <system-out/>
</testsuite> <!-- com.test.TestCase01 -->
