<?xml version="1.0" encoding="UTF-8"?>
<!-- Generated by org.testng.reporters.JUnitReportReporter -->
<testsuite skipped="0" hostname="DESKTOP-7PEBP5S" name="com.test.TestCase04" tests="1" failures="0" timestamp="2023-03-29T15:37:48 IST" time="18.282" errors="0">
  <testcase name="verifyTestCase04" time="18.282" classname="com.test.TestCase04"/>
  <system-out/>
</testsuite> <!-- com.test.TestCase04 -->
